# JRE version: OpenJDK Runtime Environment Temurin-21.0.6+7 (21.0.6+7) (build 21.0.6+7-LTS)
# Java VM: OpenJDK 64-Bit Server VM Temurin-21.0.6+7 (21.0.6+7-LTS, mixed mode, sharing, tiered, compressed oops, compressed class ptrs, parallel gc, windows-amd64)
GC Precious Log:
 CardTable entry size: 512
 CPUs: 12 total, 12 available
 Memory: 7967M
 Large Page Support: Disabled
 NUMA Support: Disabled
 Compressed Oops: Enabled (32-bit)
 Alignments: Space 512K, Generation 512K, Heap 2M
 Heap Min Capacity: 100M
 Heap Initial Capacity: 100M
 Heap Max Capacity: 1G
 Pre-touch: Disabled
 Parallel Workers: 10
Heap:
 PSYoungGen      total 5120K, used 3200K [0x00000000eab00000, 0x00000000eb200000, 0x0000000100000000)
  eden space 4096K, 53% used [0x00000000eab00000,0x00000000ead257f0,0x00000000eaf00000)
  from space 1024K, 97% used [0x00000000eb100000,0x00000000eb1fa9d8,0x00000000eb200000)
  to   space 1536K, 0% used [0x00000000eaf80000,0x00000000eaf80000,0x00000000eb100000)
 ParOldGen       total 485376K, used 485271K [0x00000000c0000000, 0x00000000dda00000, 0x00000000eab00000)
  object space 485376K, 99% used [0x00000000c0000000,0x00000000dd9e5cf0,0x00000000dda00000)
 Metaspace       used 79704K, committed 81344K, reserved 1179648K
  class space    used 7916K, committed 8640K, reserved 1048576K
GC Heap History (20 events):
Event: 15612.311 GC heap after
{Heap after GC invocations=2048 (full 7):
 PSYoungGen      total 3584K, used 800K [0x00000000eab00000, 0x00000000eb080000, 0x0000000100000000)
  eden space 2560K, 0% used [0x00000000eab00000,0x00000000eab00000,0x00000000ead80000)
  from space 1024K, 78% used [0x00000000eaf80000,0x00000000eb048000,0x00000000eb080000)
  to   space 1024K, 0% used [0x00000000eae80000,0x00000000eae80000,0x00000000eaf80000)
 ParOldGen       total 477696K, used 477497K [0x00000000c0000000, 0x00000000dd280000, 0x00000000eab00000)
  object space 477696K, 99% used [0x00000000c0000000,0x00000000dd24e7e0,0x00000000dd280000)
 Metaspace       used 79704K, committed 81344K, reserved 1179648K
  class space    used 7916K, committed 8640K, reserved 1048576K
}
Event: 15612.322 GC heap before
{Heap before GC invocations=2049 (full 7):
 PSYoungGen      total 3584K, used 3360K [0x00000000eab00000, 0x00000000eb080000, 0x0000000100000000)
  eden space 2560K, 100% used [0x00000000eab00000,0x00000000ead80000,0x00000000ead80000)
  from space 1024K, 78% used [0x00000000eaf80000,0x00000000eb048000,0x00000000eb080000)
  to   space 1024K, 0% used [0x00000000eae80000,0x00000000eae80000,0x00000000eaf80000)
 ParOldGen       total 477696K, used 477497K [0x00000000c0000000, 0x00000000dd280000, 0x00000000eab00000)
  object space 477696K, 99% used [0x00000000c0000000,0x00000000dd24e7e0,0x00000000dd280000)
 Metaspace       used 79704K, committed 81344K, reserved 1179648K
  class space    used 7916K, committed 8640K, reserved 1048576K
}
Event: 15612.328 GC heap after
{Heap after GC invocations=2049 (full 7):
 PSYoungGen      total 4096K, used 960K [0x00000000eab00000, 0x00000000eb000000, 0x0000000100000000)
  eden space 3072K, 0% used [0x00000000eab00000,0x00000000eab00000,0x00000000eae00000)
  from space 1024K, 93% used [0x00000000eae80000,0x00000000eaf70000,0x00000000eaf80000)
  to   space 512K, 0% used [0x00000000eaf80000,0x00000000eaf80000,0x00000000eb000000)
 ParOldGen       total 478208K, used 478169K [0x00000000c0000000, 0x00000000dd300000, 0x00000000eab00000)
  object space 478208K, 99% used [0x00000000c0000000,0x00000000dd2f67e0,0x00000000dd300000)
 Metaspace       used 79704K, committed 81344K, reserved 1179648K
  class space    used 7916K, committed 8640K, reserved 1048576K
}
Event: 15612.374 GC heap before
{Heap before GC invocations=2050 (full 7):
 PSYoungGen      total 4096K, used 4032K [0x00000000eab00000, 0x00000000eb000000, 0x0000000100000000)
  eden space 3072K, 100% used [0x00000000eab00000,0x00000000eae00000,0x00000000eae00000)
  from space 1024K, 93% used [0x00000000eae80000,0x00000000eaf70000,0x00000000eaf80000)
  to   space 512K, 0% used [0x00000000eaf80000,0x00000000eaf80000,0x00000000eb000000)
 ParOldGen       total 478208K, used 478169K [0x00000000c0000000, 0x00000000dd300000, 0x00000000eab00000)
  object space 478208K, 99% used [0x00000000c0000000,0x00000000dd2f67e0,0x00000000dd300000)
 Metaspace       used 79704K, committed 81344K, reserved 1179648K
  class space    used 7916K, committed 8640K, reserved 1048576K
}
Event: 15612.378 GC heap after
{Heap after GC invocations=2050 (full 7):
 PSYoungGen      total 3072K, used 512K [0x00000000eab00000, 0x00000000eb300000, 0x0000000100000000)
  eden space 2560K, 0% used [0x00000000eab00000,0x00000000eab00000,0x00000000ead80000)
  from space 512K, 100% used [0x00000000eaf80000,0x00000000eb000000,0x00000000eb000000)
  to   space 2048K, 0% used [0x00000000ead80000,0x00000000ead80000,0x00000000eaf80000)
 ParOldGen       total 479744K, used 479449K [0x00000000c0000000, 0x00000000dd480000, 0x00000000eab00000)
  object space 479744K, 99% used [0x00000000c0000000,0x00000000dd4367e0,0x00000000dd480000)
 Metaspace       used 79704K, committed 81344K, reserved 1179648K
  class space    used 7916K, committed 8640K, reserved 1048576K
}
Event: 15612.396 GC heap before
{Heap before GC invocations=2051 (full 7):
 PSYoungGen      total 3072K, used 3072K [0x00000000eab00000, 0x00000000eb300000, 0x0000000100000000)
  eden space 2560K, 100% used [0x00000000eab00000,0x00000000ead80000,0x00000000ead80000)
  from space 512K, 100% used [0x00000000eaf80000,0x00000000eb000000,0x00000000eb000000)
  to   space 2048K, 0% used [0x00000000ead80000,0x00000000ead80000,0x00000000eaf80000)
 ParOldGen       total 479744K, used 479449K [0x00000000c0000000, 0x00000000dd480000, 0x00000000eab00000)
  object space 479744K, 99% used [0x00000000c0000000,0x00000000dd4367e0,0x00000000dd480000)
 Metaspace       used 79704K, committed 81344K, reserved 1179648K
  class space    used 7916K, committed 8640K, reserved 1048576K
}
Event: 15612.399 GC heap after
{Heap after GC invocations=2051 (full 7):
 PSYoungGen      total 4608K, used 799K [0x00000000eab00000, 0x00000000eb100000, 0x0000000100000000)
  eden space 2560K, 0% used [0x00000000eab00000,0x00000000eab00000,0x00000000ead80000)
  from space 2048K, 39% used [0x00000000ead80000,0x00000000eae47ef0,0x00000000eaf80000)
  to   space 1536K, 0% used [0x00000000eaf80000,0x00000000eaf80000,0x00000000eb100000)
 ParOldGen       total 480256K, used 480001K [0x00000000c0000000, 0x00000000dd500000, 0x00000000eab00000)
  object space 480256K, 99% used [0x00000000c0000000,0x00000000dd4c04c0,0x00000000dd500000)
 Metaspace       used 79704K, committed 81344K, reserved 1179648K
  class space    used 7916K, committed 8640K, reserved 1048576K
}
Event: 15612.408 GC heap before
{Heap before GC invocations=2052 (full 7):
 PSYoungGen      total 4608K, used 3359K [0x00000000eab00000, 0x00000000eb100000, 0x0000000100000000)
  eden space 2560K, 99% used [0x00000000eab00000,0x00000000ead7fff0,0x00000000ead80000)
  from space 2048K, 39% used [0x00000000ead80000,0x00000000eae47ef0,0x00000000eaf80000)
  to   space 1536K, 0% used [0x00000000eaf80000,0x00000000eaf80000,0x00000000eb100000)
 ParOldGen       total 480256K, used 480001K [0x00000000c0000000, 0x00000000dd500000, 0x00000000eab00000)
  object space 480256K, 99% used [0x00000000c0000000,0x00000000dd4c04c0,0x00000000dd500000)
 Metaspace       used 79704K, committed 81344K, reserved 1179648K
  class space    used 7916K, committed 8640K, reserved 1048576K
}
Event: 15612.427 GC heap after
{Heap after GC invocations=2052 (full 7):
 PSYoungGen      total 3584K, used 256K [0x00000000eab00000, 0x00000000eb000000, 0x0000000100000000)
  eden space 3072K, 0% used [0x00000000eab00000,0x00000000eab00000,0x00000000eae00000)
  from space 512K, 50% used [0x00000000eaf80000,0x00000000eafc0000,0x00000000eb000000)
  to   space 1024K, 0% used [0x00000000eae00000,0x00000000eae00000,0x00000000eaf00000)
 ParOldGen       total 480768K, used 480700K [0x00000000c0000000, 0x00000000dd580000, 0x00000000eab00000)
  object space 480768K, 99% used [0x00000000c0000000,0x00000000dd56f030,0x00000000dd580000)
 Metaspace       used 79704K, committed 81344K, reserved 1179648K
  class space    used 7916K, committed 8640K, reserved 1048576K
}
Event: 15612.447 GC heap before
{Heap before GC invocations=2053 (full 7):
 PSYoungGen      total 3584K, used 3328K [0x00000000eab00000, 0x00000000eb000000, 0x0000000100000000)
  eden space 3072K, 100% used [0x00000000eab00000,0x00000000eae00000,0x00000000eae00000)
  from space 512K, 50% used [0x00000000eaf80000,0x00000000eafc0000,0x00000000eb000000)
  to   space 1024K, 0% used [0x00000000eae00000,0x00000000eae00000,0x00000000eaf00000)
 ParOldGen       total 480768K, used 480700K [0x00000000c0000000, 0x00000000dd580000, 0x00000000eab00000)
  object space 480768K, 99% used [0x00000000c0000000,0x00000000dd56f030,0x00000000dd580000)
 Metaspace       used 79704K, committed 81344K, reserved 1179648K
  class space    used 7916K, committed 8640K, reserved 1048576K
}
Event: 15612.456 GC heap after
{Heap after GC invocations=2053 (full 7):
 PSYoungGen      total 4096K, used 320K [0x00000000eab00000, 0x00000000eb000000, 0x0000000100000000)
  eden space 3072K, 0% used [0x00000000eab00000,0x00000000eab00000,0x00000000eae00000)
  from space 1024K, 31% used [0x00000000eae00000,0x00000000eae50000,0x00000000eaf00000)
  to   space 512K, 0% used [0x00000000eaf80000,0x00000000eaf80000,0x00000000eb000000)
 ParOldGen       total 481280K, used 480824K [0x00000000c0000000, 0x00000000dd600000, 0x00000000eab00000)
  object space 481280K, 99% used [0x00000000c0000000,0x00000000dd58e1c0,0x00000000dd600000)
 Metaspace       used 79704K, committed 81344K, reserved 1179648K
  class space    used 7916K, committed 8640K, reserved 1048576K
}
Event: 15612.522 GC heap before
{Heap before GC invocations=2054 (full 7):
 PSYoungGen      total 4096K, used 3392K [0x00000000eab00000, 0x00000000eb000000, 0x0000000100000000)
  eden space 3072K, 100% used [0x00000000eab00000,0x00000000eae00000,0x00000000eae00000)
  from space 1024K, 31% used [0x00000000eae00000,0x00000000eae50000,0x00000000eaf00000)
  to   space 512K, 0% used [0x00000000eaf80000,0x00000000eaf80000,0x00000000eb000000)
 ParOldGen       total 481280K, used 480824K [0x00000000c0000000, 0x00000000dd600000, 0x00000000eab00000)
  object space 481280K, 99% used [0x00000000c0000000,0x00000000dd58e1c0,0x00000000dd600000)
 Metaspace       used 79704K, committed 81344K, reserved 1179648K
  class space    used 7916K, committed 8640K, reserved 1048576K
}
Event: 15612.531 GC heap after
{Heap after GC invocations=2054 (full 7):
 PSYoungGen      total 4608K, used 436K [0x00000000eab00000, 0x00000000eb000000, 0x0000000100000000)
  eden space 4096K, 0% used [0x00000000eab00000,0x00000000eab00000,0x00000000eaf00000)
  from space 512K, 85% used [0x00000000eaf80000,0x00000000eafed2c8,0x00000000eb000000)
  to   space 512K, 0% used [0x00000000eaf00000,0x00000000eaf00000,0x00000000eaf80000)
 ParOldGen       total 481280K, used 481246K [0x00000000c0000000, 0x00000000dd600000, 0x00000000eab00000)
  object space 481280K, 99% used [0x00000000c0000000,0x00000000dd5f7b80,0x00000000dd600000)
 Metaspace       used 79704K, committed 81344K, reserved 1179648K
  class space    used 7916K, committed 8640K, reserved 1048576K
}
Event: 15612.931 GC heap before
{Heap before GC invocations=2055 (full 7):
 PSYoungGen      total 4608K, used 4494K [0x00000000eab00000, 0x00000000eb000000, 0x0000000100000000)
  eden space 4096K, 99% used [0x00000000eab00000,0x00000000eaef68e8,0x00000000eaf00000)
  from space 512K, 85% used [0x00000000eaf80000,0x00000000eafed2c8,0x00000000eb000000)
  to   space 512K, 0% used [0x00000000eaf00000,0x00000000eaf00000,0x00000000eaf80000)
 ParOldGen       total 481280K, used 481246K [0x00000000c0000000, 0x00000000dd600000, 0x00000000eab00000)
  object space 481280K, 99% used [0x00000000c0000000,0x00000000dd5f7b80,0x00000000dd600000)
 Metaspace       used 79704K, committed 81344K, reserved 1179648K
  class space    used 7916K, committed 8640K, reserved 1048576K
}
Event: 15612.937 GC heap after
{Heap after GC invocations=2055 (full 7):
 PSYoungGen      total 4608K, used 512K [0x00000000eab00000, 0x00000000eb300000, 0x0000000100000000)
  eden space 4096K, 0% used [0x00000000eab00000,0x00000000eab00000,0x00000000eaf00000)
  from space 512K, 100% used [0x00000000eaf00000,0x00000000eaf80000,0x00000000eaf80000)
  to   space 2048K, 0% used [0x00000000eb100000,0x00000000eb100000,0x00000000eb300000)
 ParOldGen       total 482816K, used 482336K [0x00000000c0000000, 0x00000000dd780000, 0x00000000eab00000)
  object space 482816K, 99% used [0x00000000c0000000,0x00000000dd708160,0x00000000dd780000)
 Metaspace       used 79704K, committed 81344K, reserved 1179648K
  class space    used 7916K, committed 8640K, reserved 1048576K
}
Event: 15613.084 GC heap before
{Heap before GC invocations=2056 (full 7):
 PSYoungGen      total 4608K, used 4608K [0x00000000eab00000, 0x00000000eb300000, 0x0000000100000000)
  eden space 4096K, 100% used [0x00000000eab00000,0x00000000eaf00000,0x00000000eaf00000)
  from space 512K, 100% used [0x00000000eaf00000,0x00000000eaf80000,0x00000000eaf80000)
  to   space 2048K, 0% used [0x00000000eb100000,0x00000000eb100000,0x00000000eb300000)
 ParOldGen       total 482816K, used 482336K [0x00000000c0000000, 0x00000000dd780000, 0x00000000eab00000)
  object space 482816K, 99% used [0x00000000c0000000,0x00000000dd708160,0x00000000dd780000)
 Metaspace       used 79704K, committed 81344K, reserved 1179648K
  class space    used 7916K, committed 8640K, reserved 1048576K
}
Event: 15613.092 GC heap after
{Heap after GC invocations=2056 (full 7):
 PSYoungGen      total 5632K, used 1297K [0x00000000eab00000, 0x00000000eb280000, 0x0000000100000000)
  eden space 4096K, 0% used [0x00000000eab00000,0x00000000eab00000,0x00000000eaf00000)
  from space 1536K, 84% used [0x00000000eb100000,0x00000000eb244430,0x00000000eb280000)
  to   space 1536K, 0% used [0x00000000eaf80000,0x00000000eaf80000,0x00000000eb100000)
 ParOldGen       total 483328K, used 482903K [0x00000000c0000000, 0x00000000dd800000, 0x00000000eab00000)
  object space 483328K, 99% used [0x00000000c0000000,0x00000000dd795ef8,0x00000000dd800000)
 Metaspace       used 79704K, committed 81344K, reserved 1179648K
  class space    used 7916K, committed 8640K, reserved 1048576K
}
Event: 15613.314 GC heap before
{Heap before GC invocations=2057 (full 7):
 PSYoungGen      total 5632K, used 5393K [0x00000000eab00000, 0x00000000eb280000, 0x0000000100000000)
  eden space 4096K, 100% used [0x00000000eab00000,0x00000000eaf00000,0x00000000eaf00000)
  from space 1536K, 84% used [0x00000000eb100000,0x00000000eb244430,0x00000000eb280000)
  to   space 1536K, 0% used [0x00000000eaf80000,0x00000000eaf80000,0x00000000eb100000)
 ParOldGen       total 483328K, used 482903K [0x00000000c0000000, 0x00000000dd800000, 0x00000000eab00000)
  object space 483328K, 99% used [0x00000000c0000000,0x00000000dd795ef8,0x00000000dd800000)
 Metaspace       used 79704K, committed 81344K, reserved 1179648K
  class space    used 7916K, committed 8640K, reserved 1048576K
}
Event: 15613.325 GC heap after
{Heap after GC invocations=2057 (full 7):
 PSYoungGen      total 5632K, used 1347K [0x00000000eab00000, 0x00000000eb200000, 0x0000000100000000)
  eden space 4096K, 0% used [0x00000000eab00000,0x00000000eab00000,0x00000000eaf00000)
  from space 1536K, 87% used [0x00000000eaf80000,0x00000000eb0d0d50,0x00000000eb100000)
  to   space 1024K, 0% used [0x00000000eb100000,0x00000000eb100000,0x00000000eb200000)
 ParOldGen       total 484352K, used 484085K [0x00000000c0000000, 0x00000000dd900000, 0x00000000eab00000)
  object space 484352K, 99% used [0x00000000c0000000,0x00000000dd8bd7d8,0x00000000dd900000)
 Metaspace       used 79704K, committed 81344K, reserved 1179648K
  class space    used 7916K, committed 8640K, reserved 1048576K
}
Event: 15613.433 GC heap before
{Heap before GC invocations=2058 (full 7):
 PSYoungGen      total 5632K, used 5443K [0x00000000eab00000, 0x00000000eb200000, 0x0000000100000000)
  eden space 4096K, 100% used [0x00000000eab00000,0x00000000eaf00000,0x00000000eaf00000)
  from space 1536K, 87% used [0x00000000eaf80000,0x00000000eb0d0d50,0x00000000eb100000)
  to   space 1024K, 0% used [0x00000000eb100000,0x00000000eb100000,0x00000000eb200000)
 ParOldGen       total 484352K, used 484085K [0x00000000c0000000, 0x00000000dd900000, 0x00000000eab00000)
  object space 484352K, 99% used [0x00000000c0000000,0x00000000dd8bd7d8,0x00000000dd900000)
 Metaspace       used 79704K, committed 81344K, reserved 1179648K
  class space    used 7916K, committed 8640K, reserved 1048576K
}

